0 info it worked if it ends with ok
1 verbose cli [ 'D:\\Program Files\\nodejs\\\\node.exe',
1 verbose cli   'D:\\Program Files\\nodejs\\node_modules\\npm\\bin\\npm-cli.js',
1 verbose cli   'install' ]
2 info using npm@2.14.1
3 info using node@v0.12.7
4 verbose readDependencies loading dependencies from D:\git\mean_web\node.js\express\mvc\package.json
5 warn package.json MEAN@0.0.3 No description
6 warn package.json MEAN@0.0.3 No repository field.
7 warn package.json MEAN@0.0.3 No README data
8 warn package.json MEAN@0.0.3 No license field.
9 verbose install where, deps [ 'D:\\git\\mean_web\\node.js\\express\\mvc',
9 verbose install   [ 'express',
9 verbose install     'morgan',
9 verbose install     'compression',
9 verbose install     'body-parser',
9 verbose install     'mothod-override',
9 verbose install     'ejs' ] ]
10 verbose install where, peers [ 'D:\\git\\mean_web\\node.js\\express\\mvc', [] ]
11 verbose installManyTop reading for lifecycle D:\git\mean_web\node.js\express\mvc\package.json
12 info preinstall MEAN@0.0.3
13 verbose installManyTop reading scoped package data from D:\git\mean_web\node.js\express\mvc\node_modules\express\package.json
14 verbose readDependencies loading dependencies from D:\git\mean_web\node.js\express\mvc\package.json
15 verbose targetResolver reading package data from D:\git\mean_web\node.js\express\mvc\node_modules\express\package.json
16 silly cache add args [ 'compression@~1.0.11', null ]
17 verbose cache add spec compression@~1.0.11
18 silly cache add parsed spec { raw: 'compression@~1.0.11',
18 silly cache add   scope: null,
18 silly cache add   name: 'compression',
18 silly cache add   rawSpec: '~1.0.11',
18 silly cache add   spec: '>=1.0.11 <1.1.0',
18 silly cache add   type: 'range' }
19 silly addNamed compression@>=1.0.11 <1.1.0
20 verbose addNamed ">=1.0.11 <1.1.0" is a valid semver range for compression
21 silly addNameRange { name: 'compression', range: '>=1.0.11 <1.1.0', hasData: false }
22 silly mapToRegistry name compression
23 silly mapToRegistry using default registry
24 silly mapToRegistry registry https://registry.npmjs.org/
25 silly mapToRegistry uri https://registry.npmjs.org/compression
26 verbose addNameRange registry:https://registry.npmjs.org/compression not in flight; fetching
27 silly cache add args [ 'body-parser@~1.8.0', null ]
28 verbose cache add spec body-parser@~1.8.0
29 silly cache add parsed spec { raw: 'body-parser@~1.8.0',
29 silly cache add   scope: null,
29 silly cache add   name: 'body-parser',
29 silly cache add   rawSpec: '~1.8.0',
29 silly cache add   spec: '>=1.8.0 <1.9.0',
29 silly cache add   type: 'range' }
30 silly addNamed body-parser@>=1.8.0 <1.9.0
31 verbose addNamed ">=1.8.0 <1.9.0" is a valid semver range for body-parser
32 silly addNameRange { name: 'body-parser', range: '>=1.8.0 <1.9.0', hasData: false }
33 silly mapToRegistry name body-parser
34 silly mapToRegistry using default registry
35 silly mapToRegistry registry https://registry.npmjs.org/
36 silly mapToRegistry uri https://registry.npmjs.org/body-parser
37 verbose addNameRange registry:https://registry.npmjs.org/body-parser not in flight; fetching
38 silly cache add args [ 'mothod-override@~2.2.0', null ]
39 verbose cache add spec mothod-override@~2.2.0
40 silly cache add parsed spec { raw: 'mothod-override@~2.2.0',
40 silly cache add   scope: null,
40 silly cache add   name: 'mothod-override',
40 silly cache add   rawSpec: '~2.2.0',
40 silly cache add   spec: '>=2.2.0 <2.3.0',
40 silly cache add   type: 'range' }
41 silly addNamed mothod-override@>=2.2.0 <2.3.0
42 verbose addNamed ">=2.2.0 <2.3.0" is a valid semver range for mothod-override
43 silly addNameRange { name: 'mothod-override',
43 silly addNameRange   range: '>=2.2.0 <2.3.0',
43 silly addNameRange   hasData: false }
44 silly mapToRegistry name mothod-override
45 silly mapToRegistry using default registry
46 silly mapToRegistry registry https://registry.npmjs.org/
47 silly mapToRegistry uri https://registry.npmjs.org/mothod-override
48 verbose addNameRange registry:https://registry.npmjs.org/mothod-override not in flight; fetching
49 silly cache add args [ 'ejs@~1.0.0', null ]
50 verbose cache add spec ejs@~1.0.0
51 silly cache add parsed spec { raw: 'ejs@~1.0.0',
51 silly cache add   scope: null,
51 silly cache add   name: 'ejs',
51 silly cache add   rawSpec: '~1.0.0',
51 silly cache add   spec: '>=1.0.0 <1.1.0',
51 silly cache add   type: 'range' }
52 silly addNamed ejs@>=1.0.0 <1.1.0
53 verbose addNamed ">=1.0.0 <1.1.0" is a valid semver range for ejs
54 silly addNameRange { name: 'ejs', range: '>=1.0.0 <1.1.0', hasData: false }
55 silly mapToRegistry name ejs
56 silly mapToRegistry using default registry
57 silly mapToRegistry registry https://registry.npmjs.org/
58 silly mapToRegistry uri https://registry.npmjs.org/ejs
59 verbose addNameRange registry:https://registry.npmjs.org/ejs not in flight; fetching
60 verbose already installed skipping express@~4.8.8 D:\git\mean_web\node.js\express\mvc
61 silly cache add args [ 'morgan@~1.3.0', null ]
62 verbose cache add spec morgan@~1.3.0
63 silly cache add parsed spec { raw: 'morgan@~1.3.0',
63 silly cache add   scope: null,
63 silly cache add   name: 'morgan',
63 silly cache add   rawSpec: '~1.3.0',
63 silly cache add   spec: '>=1.3.0 <1.4.0',
63 silly cache add   type: 'range' }
64 silly addNamed morgan@>=1.3.0 <1.4.0
65 verbose addNamed ">=1.3.0 <1.4.0" is a valid semver range for morgan
66 silly addNameRange { name: 'morgan', range: '>=1.3.0 <1.4.0', hasData: false }
67 silly mapToRegistry name morgan
68 silly mapToRegistry using default registry
69 silly mapToRegistry registry https://registry.npmjs.org/
70 silly mapToRegistry uri https://registry.npmjs.org/morgan
71 verbose addNameRange registry:https://registry.npmjs.org/morgan not in flight; fetching
72 verbose request uri https://registry.npmjs.org/compression
73 verbose request no auth needed
74 info attempt registry request try #1 at 21:28:19
75 verbose request id 76479811b94ca207
76 http request GET https://registry.npmjs.org/compression
77 verbose request uri https://registry.npmjs.org/body-parser
78 verbose request no auth needed
79 info attempt registry request try #1 at 21:28:19
80 http request GET https://registry.npmjs.org/body-parser
81 verbose request uri https://registry.npmjs.org/mothod-override
82 verbose request no auth needed
83 info attempt registry request try #1 at 21:28:19
84 http request GET https://registry.npmjs.org/mothod-override
85 verbose request uri https://registry.npmjs.org/ejs
86 verbose request no auth needed
87 info attempt registry request try #1 at 21:28:19
88 http request GET https://registry.npmjs.org/ejs
89 verbose request uri https://registry.npmjs.org/morgan
90 verbose request no auth needed
91 info attempt registry request try #1 at 21:28:19
92 http request GET https://registry.npmjs.org/morgan
93 http 404 https://registry.npmjs.org/mothod-override
94 verbose headers { 'content-type': 'application/json',
94 verbose headers   'cache-control': 'max-age=0',
94 verbose headers   'content-length': '2',
94 verbose headers   'accept-ranges': 'bytes',
94 verbose headers   date: 'Sun, 30 Aug 2015 13:28:16 GMT',
94 verbose headers   via: '1.1 varnish',
94 verbose headers   age: '0',
94 verbose headers   connection: 'keep-alive',
94 verbose headers   'x-served-by': 'cache-nrt6124-NRT',
94 verbose headers   'x-cache': 'MISS',
94 verbose headers   'x-cache-hits': '0',
94 verbose headers   'x-timer': 'S1440941296.287992,VS0,VE137' }
95 silly get cb [ 404,
95 silly get   { 'content-type': 'application/json',
95 silly get     'cache-control': 'max-age=0',
95 silly get     'content-length': '2',
95 silly get     'accept-ranges': 'bytes',
95 silly get     date: 'Sun, 30 Aug 2015 13:28:16 GMT',
95 silly get     via: '1.1 varnish',
95 silly get     age: '0',
95 silly get     connection: 'keep-alive',
95 silly get     'x-served-by': 'cache-nrt6124-NRT',
95 silly get     'x-cache': 'MISS',
95 silly get     'x-cache-hits': '0',
95 silly get     'x-timer': 'S1440941296.287992,VS0,VE137' } ]
96 http 200 https://registry.npmjs.org/morgan
97 silly get cb [ 200,
97 silly get   { server: 'CouchDB/1.5.0 (Erlang OTP/R16B03)',
97 silly get     etag: '"6266I6NIRSSDN3SRHM49X0M7F"',
97 silly get     'content-type': 'application/json',
97 silly get     'cache-control': 'max-age=60',
97 silly get     'content-length': '42073',
97 silly get     'accept-ranges': 'bytes',
97 silly get     date: 'Sun, 30 Aug 2015 13:28:16 GMT',
97 silly get     via: '1.1 varnish',
97 silly get     age: '0',
97 silly get     connection: 'keep-alive',
97 silly get     'x-served-by': 'cache-nrt6134-NRT',
97 silly get     'x-cache': 'HIT',
97 silly get     'x-cache-hits': '1',
97 silly get     'x-timer': 'S1440941296.025852,VS0,VE723',
97 silly get     vary: 'Accept' } ]
98 verbose get saving morgan to C:\Users\gaorongchao\AppData\Roaming\npm-cache\registry.npmjs.org\morgan\.cache.json
99 silly addNameRange number 2 { name: 'morgan', range: '>=1.3.0 <1.4.0', hasData: true }
100 silly addNameRange versions [ 'morgan',
100 silly addNameRange   [ '1.0.0',
100 silly addNameRange     '1.0.1',
100 silly addNameRange     '1.1.0',
100 silly addNameRange     '1.1.1',
100 silly addNameRange     '1.2.0',
100 silly addNameRange     '1.2.1',
100 silly addNameRange     '1.2.2',
100 silly addNameRange     '1.2.3',
100 silly addNameRange     '1.3.0',
100 silly addNameRange     '1.3.1',
100 silly addNameRange     '1.3.2',
100 silly addNameRange     '1.4.0',
100 silly addNameRange     '1.4.1',
100 silly addNameRange     '1.5.0',
100 silly addNameRange     '1.5.1',
100 silly addNameRange     '1.5.2',
100 silly addNameRange     '1.5.3',
100 silly addNameRange     '1.6.0',
100 silly addNameRange     '1.6.1' ] ]
101 silly addNamed morgan@1.3.2
102 verbose addNamed "1.3.2" is a plain semver version for morgan
103 silly mapToRegistry name morgan
104 silly mapToRegistry using default registry
105 silly mapToRegistry registry https://registry.npmjs.org/
106 silly mapToRegistry uri https://registry.npmjs.org/morgan
107 verbose addRemoteTarball https://registry.npmjs.org/morgan/-/morgan-1.3.2.tgz not in flight; adding
108 verbose addRemoteTarball [ 'https://registry.npmjs.org/morgan/-/morgan-1.3.2.tgz',
108 verbose addRemoteTarball   'ac41aa15221ee4e5f2ac843896b6918139a18efd' ]
109 info retry fetch attempt 1 at 21:28:20
110 info attempt registry request try #1 at 21:28:20
111 http fetch GET https://registry.npmjs.org/morgan/-/morgan-1.3.2.tgz
112 http 200 https://registry.npmjs.org/ejs
113 silly get cb [ 200,
113 silly get   { server: 'CouchDB/1.5.0 (Erlang OTP/R16B03)',
113 silly get     etag: '"9FGYFULRB9J7FUYED13IWJYR3"',
113 silly get     'content-type': 'application/json',
113 silly get     'cache-control': 'max-age=60',
113 silly get     'content-length': '48497',
113 silly get     'accept-ranges': 'bytes',
113 silly get     date: 'Sun, 30 Aug 2015 13:28:16 GMT',
113 silly get     via: '1.1 varnish',
113 silly get     age: '0',
113 silly get     connection: 'keep-alive',
113 silly get     'x-served-by': 'cache-nrt6134-NRT',
113 silly get     'x-cache': 'HIT',
113 silly get     'x-cache-hits': '1',
113 silly get     'x-timer': 'S1440941296.503663,VS0,VE134',
113 silly get     vary: 'Accept' } ]
114 verbose get saving ejs to C:\Users\gaorongchao\AppData\Roaming\npm-cache\registry.npmjs.org\ejs\.cache.json
115 silly addNameRange number 2 { name: 'ejs', range: '>=1.0.0 <1.1.0', hasData: true }
116 silly addNameRange versions [ 'ejs',
116 silly addNameRange   [ '0.0.1',
116 silly addNameRange     '0.0.2',
116 silly addNameRange     '0.0.3',
116 silly addNameRange     '0.0.4',
116 silly addNameRange     '0.1.0',
116 silly addNameRange     '0.2.0',
116 silly addNameRange     '0.2.1',
116 silly addNameRange     '0.3.0',
116 silly addNameRange     '0.3.1',
116 silly addNameRange     '0.4.0',
116 silly addNameRange     '0.4.1',
116 silly addNameRange     '0.4.2',
116 silly addNameRange     '0.4.3',
116 silly addNameRange     '0.5.0',
116 silly addNameRange     '0.6.0',
116 silly addNameRange     '0.6.1',
116 silly addNameRange     '0.7.0',
116 silly addNameRange     '0.7.1',
116 silly addNameRange     '0.7.2',
116 silly addNameRange     '0.8.0',
116 silly addNameRange     '0.8.1',
116 silly addNameRange     '0.8.2',
116 silly addNameRange     '0.8.3',
116 silly addNameRange     '0.8.4',
116 silly addNameRange     '0.8.5',
116 silly addNameRange     '0.8.6',
116 silly addNameRange     '0.8.8',
116 silly addNameRange     '1.0.0',
116 silly addNameRange     '2.0.2',
116 silly addNameRange     '2.0.3',
116 silly addNameRange     '2.0.4',
116 silly addNameRange     '2.0.5',
116 silly addNameRange     '2.0.6',
116 silly addNameRange     '2.0.7',
116 silly addNameRange     '2.0.8',
116 silly addNameRange     '2.1.1',
116 silly addNameRange     '2.1.2',
116 silly addNameRange     '2.1.3',
116 silly addNameRange     '2.1.4',
116 silly addNameRange     '2.2.1',
116 silly addNameRange     '2.2.2',
116 silly addNameRange     '2.2.3',
116 silly addNameRange     '2.2.4',
116 silly addNameRange     '2.3.1',
116 silly addNameRange     '2.3.2',
116 silly addNameRange     '2.3.3' ] ]
117 silly addNamed ejs@1.0.0
118 verbose addNamed "1.0.0" is a plain semver version for ejs
119 silly mapToRegistry name ejs
120 silly mapToRegistry using default registry
121 silly mapToRegistry registry https://registry.npmjs.org/
122 silly mapToRegistry uri https://registry.npmjs.org/ejs
123 verbose addRemoteTarball https://registry.npmjs.org/ejs/-/ejs-1.0.0.tgz not in flight; adding
124 verbose addRemoteTarball [ 'https://registry.npmjs.org/ejs/-/ejs-1.0.0.tgz',
124 verbose addRemoteTarball   'c9c60a48a46ee452fb32a71c317b95e5aa1fcb3d' ]
125 info retry fetch attempt 1 at 21:28:20
126 info attempt registry request try #1 at 21:28:20
127 http fetch GET https://registry.npmjs.org/ejs/-/ejs-1.0.0.tgz
128 http fetch 200 https://registry.npmjs.org/morgan/-/morgan-1.3.2.tgz
129 silly fetchAndShaCheck shasum ac41aa15221ee4e5f2ac843896b6918139a18efd
130 verbose addTmpTarball C:\Users\GAORON~1\AppData\Local\Temp\npm-10772-123ebcf2\registry.npmjs.org\morgan\-\morgan-1.3.2.tgz not in flight; adding
131 verbose addTmpTarball already have metadata; skipping unpack for morgan@1.3.2
132 silly cache afterAdd morgan@1.3.2
133 verbose afterAdd C:\Users\gaorongchao\AppData\Roaming\npm-cache\morgan\1.3.2\package\package.json not in flight; writing
134 verbose afterAdd C:\Users\gaorongchao\AppData\Roaming\npm-cache\morgan\1.3.2\package\package.json written
135 http fetch 200 https://registry.npmjs.org/ejs/-/ejs-1.0.0.tgz
136 silly fetchAndShaCheck shasum c9c60a48a46ee452fb32a71c317b95e5aa1fcb3d
137 verbose addTmpTarball C:\Users\GAORON~1\AppData\Local\Temp\npm-10772-123ebcf2\registry.npmjs.org\ejs\-\ejs-1.0.0.tgz not in flight; adding
138 verbose addTmpTarball already have metadata; skipping unpack for ejs@1.0.0
139 silly cache afterAdd ejs@1.0.0
140 verbose afterAdd C:\Users\gaorongchao\AppData\Roaming\npm-cache\ejs\1.0.0\package\package.json not in flight; writing
141 verbose afterAdd C:\Users\gaorongchao\AppData\Roaming\npm-cache\ejs\1.0.0\package\package.json written
142 http 200 https://registry.npmjs.org/body-parser
143 silly get cb [ 200,
143 silly get   { server: 'CouchDB/1.5.0 (Erlang OTP/R16B03)',
143 silly get     etag: '"6LUKR34Z8GYWWEDSHSPR33T1O"',
143 silly get     'content-type': 'application/json',
143 silly get     'cache-control': 'max-age=60',
143 silly get     'content-length': '106083',
143 silly get     'accept-ranges': 'bytes',
143 silly get     date: 'Sun, 30 Aug 2015 13:28:19 GMT',
143 silly get     via: '1.1 varnish',
143 silly get     age: '19',
143 silly get     connection: 'keep-alive',
143 silly get     'x-served-by': 'cache-nrt6135-NRT',
143 silly get     'x-cache': 'HIT',
143 silly get     'x-cache-hits': '1',
143 silly get     'x-timer': 'S1440941299.106342,VS0,VE3',
143 silly get     vary: 'Accept' } ]
144 verbose get saving body-parser to C:\Users\gaorongchao\AppData\Roaming\npm-cache\registry.npmjs.org\body-parser\.cache.json
145 silly addNameRange number 2 { name: 'body-parser', range: '>=1.8.0 <1.9.0', hasData: true }
146 silly addNameRange versions [ 'body-parser',
146 silly addNameRange   [ '1.0.0',
146 silly addNameRange     '1.0.1',
146 silly addNameRange     '1.0.2',
146 silly addNameRange     '1.1.0',
146 silly addNameRange     '1.1.1',
146 silly addNameRange     '1.1.2',
146 silly addNameRange     '1.2.0',
146 silly addNameRange     '1.2.1',
146 silly addNameRange     '1.2.2',
146 silly addNameRange     '1.3.0',
146 silly addNameRange     '1.3.1',
146 silly addNameRange     '1.4.0',
146 silly addNameRange     '1.4.1',
146 silly addNameRange     '1.4.2',
146 silly addNameRange     '1.4.3',
146 silly addNameRange     '1.5.0',
146 silly addNameRange     '1.5.1',
146 silly addNameRange     '1.5.2',
146 silly addNameRange     '1.6.0',
146 silly addNameRange     '1.6.1',
146 silly addNameRange     '1.6.2',
146 silly addNameRange     '1.6.3',
146 silly addNameRange     '1.6.4',
146 silly addNameRange     '1.6.5',
146 silly addNameRange     '1.6.6',
146 silly addNameRange     '1.6.7',
146 silly addNameRange     '1.7.0',
146 silly addNameRange     '1.8.0',
146 silly addNameRange     '1.8.1',
146 silly addNameRange     '1.8.2',
146 silly addNameRange     '1.8.3',
146 silly addNameRange     '1.8.4',
146 silly addNameRange     '1.9.0',
146 silly addNameRange     '1.9.1',
146 silly addNameRange     '1.9.2',
146 silly addNameRange     '1.9.3',
146 silly addNameRange     '1.10.0',
146 silly addNameRange     '1.10.1',
146 silly addNameRange     '1.10.2',
146 silly addNameRange     '1.11.0',
146 silly addNameRange     '1.12.0',
146 silly addNameRange     '1.12.1',
146 silly addNameRange     '1.12.2',
146 silly addNameRange     '1.12.3',
146 silly addNameRange     '1.12.4',
146 silly addNameRange     '1.13.0',
146 silly addNameRange     '1.13.1',
146 silly addNameRange     '1.13.2',
146 silly addNameRange     '1.13.3' ] ]
147 silly addNamed body-parser@1.8.4
148 verbose addNamed "1.8.4" is a plain semver version for body-parser
149 silly mapToRegistry name body-parser
150 silly mapToRegistry using default registry
151 silly mapToRegistry registry https://registry.npmjs.org/
152 silly mapToRegistry uri https://registry.npmjs.org/body-parser
153 verbose addRemoteTarball https://registry.npmjs.org/body-parser/-/body-parser-1.8.4.tgz not in flight; adding
154 verbose addRemoteTarball [ 'https://registry.npmjs.org/body-parser/-/body-parser-1.8.4.tgz',
154 verbose addRemoteTarball   'd497e04bc13b3f9a8bd8c70bb0cdc16f2e028898' ]
155 info retry fetch attempt 1 at 21:28:23
156 info attempt registry request try #1 at 21:28:23
157 http fetch GET https://registry.npmjs.org/body-parser/-/body-parser-1.8.4.tgz
158 http fetch 200 https://registry.npmjs.org/body-parser/-/body-parser-1.8.4.tgz
159 silly fetchAndShaCheck shasum d497e04bc13b3f9a8bd8c70bb0cdc16f2e028898
160 verbose addTmpTarball C:\Users\GAORON~1\AppData\Local\Temp\npm-10772-123ebcf2\registry.npmjs.org\body-parser\-\body-parser-1.8.4.tgz not in flight; adding
161 verbose addTmpTarball already have metadata; skipping unpack for body-parser@1.8.4
162 silly cache afterAdd body-parser@1.8.4
163 verbose afterAdd C:\Users\gaorongchao\AppData\Roaming\npm-cache\body-parser\1.8.4\package\package.json not in flight; writing
164 verbose afterAdd C:\Users\gaorongchao\AppData\Roaming\npm-cache\body-parser\1.8.4\package\package.json written
165 http 200 https://registry.npmjs.org/compression
166 silly get cb [ 200,
166 silly get   { server: 'CouchDB/1.5.0 (Erlang OTP/R16B03)',
166 silly get     etag: '"DFOYFE33YNC4NC6IZQB6NU58R"',
166 silly get     'content-type': 'application/json',
166 silly get     'cache-control': 'max-age=60',
166 silly get     'content-length': '58285',
166 silly get     'accept-ranges': 'bytes',
166 silly get     date: 'Sun, 30 Aug 2015 13:28:19 GMT',
166 silly get     via: '1.1 varnish',
166 silly get     age: '0',
166 silly get     connection: 'keep-alive',
166 silly get     'x-served-by': 'cache-nrt6127-NRT',
166 silly get     'x-cache': 'HIT',
166 silly get     'x-cache-hits': '1',
166 silly get     'x-timer': 'S1440941299.131533,VS0,VE181',
166 silly get     vary: 'Accept' } ]
167 verbose get saving compression to C:\Users\gaorongchao\AppData\Roaming\npm-cache\registry.npmjs.org\compression\.cache.json
168 silly addNameRange number 2 { name: 'compression', range: '>=1.0.11 <1.1.0', hasData: true }
169 silly addNameRange versions [ 'compression',
169 silly addNameRange   [ '1.0.0',
169 silly addNameRange     '1.0.1',
169 silly addNameRange     '1.0.2',
169 silly addNameRange     '1.0.3',
169 silly addNameRange     '1.0.4',
169 silly addNameRange     '1.0.5',
169 silly addNameRange     '1.0.6',
169 silly addNameRange     '1.0.7',
169 silly addNameRange     '1.0.8',
169 silly addNameRange     '1.0.9',
169 silly addNameRange     '1.0.10',
169 silly addNameRange     '1.0.11',
169 silly addNameRange     '1.1.0',
169 silly addNameRange     '1.1.1',
169 silly addNameRange     '1.1.2',
169 silly addNameRange     '1.2.0',
169 silly addNameRange     '1.2.1',
169 silly addNameRange     '1.2.2',
169 silly addNameRange     '1.3.0',
169 silly addNameRange     '1.3.1',
169 silly addNameRange     '1.4.0',
169 silly addNameRange     '1.4.1',
169 silly addNameRange     '1.4.2',
169 silly addNameRange     '1.4.3',
169 silly addNameRange     '1.4.4',
169 silly addNameRange     '1.5.0',
169 silly addNameRange     '1.5.1',
169 silly addNameRange     '1.5.2' ] ]
170 silly addNamed compression@1.0.11
171 verbose addNamed "1.0.11" is a plain semver version for compression
172 silly mapToRegistry name compression
173 silly mapToRegistry using default registry
174 silly mapToRegistry registry https://registry.npmjs.org/
175 silly mapToRegistry uri https://registry.npmjs.org/compression
176 verbose addRemoteTarball https://registry.npmjs.org/compression/-/compression-1.0.11.tgz not in flight; adding
177 verbose addRemoteTarball [ 'https://registry.npmjs.org/compression/-/compression-1.0.11.tgz',
177 verbose addRemoteTarball   '69700cf1ee8963454356ac192a6e5e91e232bffb' ]
178 info retry fetch attempt 1 at 21:28:28
179 info attempt registry request try #1 at 21:28:28
180 http fetch GET https://registry.npmjs.org/compression/-/compression-1.0.11.tgz
181 http fetch 200 https://registry.npmjs.org/compression/-/compression-1.0.11.tgz
182 silly fetchAndShaCheck shasum 69700cf1ee8963454356ac192a6e5e91e232bffb
183 verbose addTmpTarball C:\Users\GAORON~1\AppData\Local\Temp\npm-10772-123ebcf2\registry.npmjs.org\compression\-\compression-1.0.11.tgz not in flight; adding
184 verbose addTmpTarball already have metadata; skipping unpack for compression@1.0.11
185 silly cache afterAdd compression@1.0.11
186 verbose afterAdd C:\Users\gaorongchao\AppData\Roaming\npm-cache\compression\1.0.11\package\package.json not in flight; writing
187 verbose afterAdd C:\Users\gaorongchao\AppData\Roaming\npm-cache\compression\1.0.11\package\package.json written
188 verbose stack Error: Registry returned 404 for GET on https://registry.npmjs.org/mothod-override
188 verbose stack     at makeError (D:\Program Files\nodejs\node_modules\npm\node_modules\npm-registry-client\lib\request.js:263:12)
188 verbose stack     at CachingRegistryClient.<anonymous> (D:\Program Files\nodejs\node_modules\npm\node_modules\npm-registry-client\lib\request.js:241:14)
188 verbose stack     at Request._callback (D:\Program Files\nodejs\node_modules\npm\node_modules\npm-registry-client\lib\request.js:171:14)
188 verbose stack     at Request.self.callback (D:\Program Files\nodejs\node_modules\npm\node_modules\request\request.js:198:22)
188 verbose stack     at Request.emit (events.js:110:17)
188 verbose stack     at Request.<anonymous> (D:\Program Files\nodejs\node_modules\npm\node_modules\request\request.js:1073:14)
188 verbose stack     at Request.emit (events.js:129:20)
188 verbose stack     at IncomingMessage.<anonymous> (D:\Program Files\nodejs\node_modules\npm\node_modules\request\request.js:1019:12)
188 verbose stack     at IncomingMessage.emit (events.js:129:20)
188 verbose stack     at _stream_readable.js:908:16
189 verbose statusCode 404
190 verbose pkgid mothod-override
191 verbose cwd D:\git\mean_web\node.js\express\mvc
192 error Windows_NT 6.3.9600
193 error argv "D:\\Program Files\\nodejs\\\\node.exe" "D:\\Program Files\\nodejs\\node_modules\\npm\\bin\\npm-cli.js" "install"
194 error node v0.12.7
195 error npm  v2.14.1
196 error code E404
197 error 404 Registry returned 404 for GET on https://registry.npmjs.org/mothod-override
197 error 404
197 error 404 'mothod-override' is not in the npm registry.
197 error 404 You should bug the author to publish it (or use the name yourself!)
197 error 404 It was specified as a dependency of 'MEAN'
197 error 404
197 error 404 Note that you can also install from a
197 error 404 tarball, folder, http url, or git url.
198 verbose exit [ 1, true ]
